<?xml version="1.0" encoding="UTF-8"?>
<!-- Generated by org.testng.reporters.JUnitReportReporter -->
<testsuite skipped="1" hostname="Jim-VAIO" name="com.qa.testcases.HomePageTest" tests="2" failures="0" timestamp="19 Jun 2020 01:40:13 GMT" time="74.325" errors="0">
  <testcase name="successfulLoginTest" time="74.325" classname="com.qa.testcases.HomePageTest"/>
  <testcase name="homePageTitleTest" classname="com.qa.testcases.HomePageTest">
    <skipped/>
  </testcase> <!-- homePageTitleTest -->
</testsuite> <!-- com.qa.testcases.HomePageTest -->
