<?xml version="1.0" encoding="UTF-8"?>
<!-- Generated by org.testng.reporters.JUnitReportReporter -->
<testsuite skipped="0" hostname="Jim-VAIO" name="com.qa.testcases.BeerStylesPageTest" tests="1" failures="0" timestamp="10 Jun 2020 03:21:58 GMT" time="38.449" errors="0">
  <testcase name="verifyBeerStylesTitleTest" time="38.449" classname="com.qa.testcases.BeerStylesPageTest"/>
</testsuite> <!-- com.qa.testcases.BeerStylesPageTest -->
